<?xml version="1.0" encoding="UTF-8"?>
<!-- Generated by org.testng.reporters.JUnitReportReporter -->
<testsuite skipped="0" hostname="ARYA" name="executeEngine.DriverScript" tests="1" failures="0" timestamp="27 Dec 2020 08:52:11 GMT" time="24.647" errors="0">
  <testcase name="moduleData" time="24.647" classname="executeEngine.DriverScript"/>
</testsuite> <!-- executeEngine.DriverScript -->
